#
# There is insufficient memory for the Java Runtime Environment to continue.
# Native memory allocation (malloc) failed to allocate 1048576 bytes for AllocateHeap
# Possible reasons:
#   The system is out of physical RAM or swap space
#   The process is running with CompressedOops enabled, and the Java Heap may be blocking the growth of the native heap
# Possible solutions:
#   Reduce memory load on the system
#   Increase physical memory or swap space
#   Check if swap backing store is full
#   Decrease Java heap size (-Xmx/-Xms)
#   Decrease number of Java threads
#   Decrease Java thread stack sizes (-Xss)
#   Set larger code cache with -XX:ReservedCodeCacheSize=
# This output file may be truncated or incomplete.
#
#  Out of Memory Error (./src/hotspot/share/memory/allocation.cpp:46), pid=19832, tid=19368
#
# JRE version:  (11.0.12+7) (build )
# Java VM: OpenJDK 64-Bit Server VM (11.0.12+7, mixed mode, sharing, tiered, compressed oops, g1 gc, windows-amd64)
# No core dump will be written. Minidumps are not enabled by default on client versions of Windows
#

---------------  S U M M A R Y ------------

Command Line: --add-modules=ALL-DEFAULT jdk.compiler/com.sun.tools.javac.launcher.Main src/procesolento/procesoLento.java

Host: Intel(R) Core(TM) i5-10400 CPU @ 2.90GHz, 12 cores, 7G,  Windows 10 , 64 bit Build 22000 (10.0.22000.708)
Time: Thu Sep 29 11:13:56 2022 Hora de verano romance elapsed time: 0.009049 seconds (0d 0h 0m 0s)

---------------  T H R E A D  ---------------

Current thread (0x000001a23ce8b800):  JavaThread "Unknown thread" [_thread_in_vm, id=19368, stack(0x0000003dcd400000,0x0000003dcd500000)]

Stack: [0x0000003dcd400000,0x0000003dcd500000]
Native frames: (J=compiled Java code, j=interpreted, Vv=VM code, C=native code)
V  [jvm.dll+0x6090fa]
V  [jvm.dll+0x79229e]
V  [jvm.dll+0x79396f]
V  [jvm.dll+0x794033]
V  [jvm.dll+0x24bed8]
V  [jvm.dll+0xb91a4]
V  [jvm.dll+0x2e7ea4]
V  [jvm.dll+0x2e1d89]
V  [jvm.dll+0x76d627]
V  [jvm.dll+0x76edaf]
V  [jvm.dll+0x35a359]
V  [jvm.dll+0x750710]
V  [jvm.dll+0x3c1f8f]
V  [jvm.dll+0x3c4461]
C  [jli.dll+0x5207]
C  [ucrtbase.dll+0x26c0c]
C  [KERNEL32.DLL+0x154e0]
C  [ntdll.dll+0x485b]


---------------  P R O C E S S  ---------------

Threads class SMR info:
_java_thread_list=0x000001a23ac43c00, length=0, elements={
}

Java Threads: ( => current thread )

Other Threads:
  0x000001a23cea4800 GCTaskThread "GC Thread#0" [stack: 0x0000003dcd500000,0x0000003dcd600000] [id=17472]

[error occurred during error reporting (printing all threads), id 0xc0000005, EXCEPTION_ACCESS_VIOLATION (0xc0000005) at pc=0x00007ff8d522d480]

VM state:not at safepoint (not fully initialized)

VM Mutex/Monitor currently owned by a thread:  ([mutex/lock_event])
[0x000001a23ce88b50] Heap_lock - owner thread: 0x000001a23ce8b800

Heap address: 0x0000000082a00000, size: 2006 MB, Compressed Oops mode: Non-zero based: 0x0000000082a00000
Narrow klass base: 0x0000000000000000, Narrow klass shift: 0

GC Heap History (0 events):
No events

Deoptimization events (0 events):
No events

Classes redefined (0 events):
No events

Internal exceptions (0 events):
No events

Events (1 events):
Event: 0.006 Loaded shared library C:\Program Files\Microsoft\jdk-11.0.12.7-hotspot\bin\zip.dll


Dynamic libraries:
0x00007ff62c700000 - 0x00007ff62c70d000 	C:\Program Files\Microsoft\jdk-11.0.12.7-hotspot\bin\java.exe
0x00007ff955da0000 - 0x00007ff955fa9000 	C:\WINDOWS\SYSTEM32\ntdll.dll
0x00007ff955090000 - 0x00007ff95514d000 	C:\WINDOWS\System32\KERNEL32.DLL
0x00007ff953570000 - 0x00007ff9538ed000 	C:\WINDOWS\System32\KERNELBASE.dll
0x00007ff953270000 - 0x00007ff953381000 	C:\WINDOWS\System32\ucrtbase.dll
0x00007ff9504d0000 - 0x00007ff9504e7000 	C:\Program Files\Microsoft\jdk-11.0.12.7-hotspot\bin\jli.dll
0x00007ff950750000 - 0x00007ff950765000 	C:\Program Files\Microsoft\jdk-11.0.12.7-hotspot\bin\VCRUNTIME140.dll
0x00007ff955260000 - 0x00007ff95540d000 	C:\WINDOWS\System32\USER32.dll
0x00007ff953b50000 - 0x00007ff953b76000 	C:\WINDOWS\System32\win32u.dll
0x00007ff946010000 - 0x00007ff9462b5000 	C:\WINDOWS\WinSxS\amd64_microsoft.windows.common-controls_6595b64144ccf1df_6.0.22000.120_none_9d947278b86cc467\COMCTL32.dll
0x00007ff953e50000 - 0x00007ff953e79000 	C:\WINDOWS\System32\GDI32.dll
0x00007ff955150000 - 0x00007ff9551f3000 	C:\WINDOWS\System32\msvcrt.dll
0x00007ff9538f0000 - 0x00007ff953a09000 	C:\WINDOWS\System32\gdi32full.dll
0x00007ff953b80000 - 0x00007ff953c1d000 	C:\WINDOWS\System32\msvcp_win.dll
0x00007ff954760000 - 0x00007ff954791000 	C:\WINDOWS\System32\IMM32.DLL
0x00007ff950430000 - 0x00007ff9504cb000 	C:\Program Files\Microsoft\jdk-11.0.12.7-hotspot\bin\msvcp140.dll
0x00007ff8d4f40000 - 0x00007ff8d5aa1000 	C:\Program Files\Microsoft\jdk-11.0.12.7-hotspot\bin\server\jvm.dll
0x00007ff955cb0000 - 0x00007ff955d5e000 	C:\WINDOWS\System32\ADVAPI32.dll
0x00007ff953f60000 - 0x00007ff953ffe000 	C:\WINDOWS\System32\sechost.dll
0x00007ff954640000 - 0x00007ff954760000 	C:\WINDOWS\System32\RPCRT4.dll
0x00007ff955480000 - 0x00007ff955488000 	C:\WINDOWS\System32\PSAPI.DLL
0x00007ff940970000 - 0x00007ff940979000 	C:\WINDOWS\SYSTEM32\WSOCK32.dll
0x00007ff9496f0000 - 0x00007ff949723000 	C:\WINDOWS\SYSTEM32\WINMM.dll
0x00007ff94e140000 - 0x00007ff94e14a000 	C:\WINDOWS\SYSTEM32\VERSION.dll
0x00007ff9545d0000 - 0x00007ff95463f000 	C:\WINDOWS\System32\WS2_32.dll
0x00007ff9522f0000 - 0x00007ff952308000 	C:\WINDOWS\SYSTEM32\kernel.appcore.dll
0x00007ff950790000 - 0x00007ff9507a0000 	C:\Program Files\Microsoft\jdk-11.0.12.7-hotspot\bin\verify.dll
0x00007ff93fb50000 - 0x00007ff93fd71000 	C:\WINDOWS\SYSTEM32\DBGHELP.DLL
0x00007ff93f970000 - 0x00007ff93f9a1000 	C:\WINDOWS\SYSTEM32\dbgcore.DLL
0x00007ff953ad0000 - 0x00007ff953b4f000 	C:\WINDOWS\System32\bcryptPrimitives.dll
0x00007ff9503f0000 - 0x00007ff950418000 	C:\Program Files\Microsoft\jdk-11.0.12.7-hotspot\bin\java.dll
0x00007ff9503e0000 - 0x00007ff9503ea000 	C:\Program Files\Microsoft\jdk-11.0.12.7-hotspot\bin\jimage.dll
0x00007ff9503c0000 - 0x00007ff9503d7000 	C:\Program Files\Microsoft\jdk-11.0.12.7-hotspot\bin\zip.dll

dbghelp: loaded successfully - version: 4.0.5 - missing functions: none
symbol engine: initialized successfully - sym options: 0x614 - pdb path: .;C:\Program Files\Microsoft\jdk-11.0.12.7-hotspot\bin;C:\WINDOWS\SYSTEM32;C:\WINDOWS\WinSxS\amd64_microsoft.windows.common-controls_6595b64144ccf1df_6.0.22000.120_none_9d947278b86cc467;C:\Program Files\Microsoft\jdk-11.0.12.7-hotspot\bin\server

VM Arguments:
jvm_args: --add-modules=ALL-DEFAULT 
java_command: jdk.compiler/com.sun.tools.javac.launcher.Main src/procesolento/procesoLento.java
java_class_path (initial): .
Launcher Type: SUN_STANDARD

[Global flags]
     intx CICompilerCount                          = 4                                         {product} {ergonomic}
     uint ConcGCThreads                            = 3                                         {product} {ergonomic}
     uint G1ConcRefinementThreads                  = 10                                        {product} {ergonomic}
   size_t G1HeapRegionSize                         = 1048576                                   {product} {ergonomic}
    uintx GCDrainStackTargetSize                   = 64                                        {product} {ergonomic}
   size_t InitialHeapSize                          = 132120576                                 {product} {ergonomic}
   size_t MarkStackSize                            = 4194304                                   {product} {ergonomic}
   size_t MaxHeapSize                              = 2103443456                                {product} {ergonomic}
   size_t MinHeapDeltaBytes                        = 1048576                                   {product} {ergonomic}
    uintx NonNMethodCodeHeapSize                   = 5836300                                {pd product} {ergonomic}
    uintx NonProfiledCodeHeapSize                  = 122910970                              {pd product} {ergonomic}
    uintx ProfiledCodeHeapSize                     = 122910970                              {pd product} {ergonomic}
    uintx ReservedCodeCacheSize                    = 251658240                              {pd product} {ergonomic}
     bool SegmentedCodeCache                       = true                                      {product} {ergonomic}
     bool UseCompressedClassPointers               = true                                 {lp64_product} {ergonomic}
     bool UseCompressedOops                        = true                                 {lp64_product} {ergonomic}
     bool UseG1GC                                  = true                                      {product} {ergonomic}
     bool UseLargePagesIndividualAllocation        = false                                  {pd product} {ergonomic}

Logging:
Log output configuration:
 #0: stdout all=warning uptime,level,tags
 #1: stderr all=off uptime,level,tags

Environment Variables:
PATH=C:\Program Files\Microsoft\jdk-11.0.12.7-hotspot\bin;C:\Windows\system32;C:\Windows;C:\Windows\System32\Wbem;C:\Windows\System32\WindowsPowerShell\v1.0\;C:\Windows\System32\OpenSSH\;C:\Program Files\dotnet\;C:\Program Files\Microsoft SQL Server\130\Tools\Binn\;C:\Program Files\Microsoft SQL Server\Client SDK\ODBC\170\Tools\Binn\;C:\Program Files (x86)\Microsoft SQL Server\150\Tools\Binn\;C:\Program Files\Microsoft SQL Server\150\Tools\Binn\;C:\Program Files\Microsoft SQL Server\150\DTS\Binn\;C:\Program Files (x86)\Microsoft SQL Server\150\DTS\Binn\;C:\Program Files\Azure Data Studio\bin;C:\Program Files\nodejs\;%SystemRoot%\system32;%SystemRoot%;%SystemRoot%\System32\Wbem;%SYSTEMROOT%\System32\WindowsPowerShell\v1.0\;%SYSTEMROOT%\System32\OpenSSH\;C:\Users\cmartin\AppData\Local\Microsoft\WindowsApps;C:\Users\cmartin\AppData\Local\JetBrains\Toolbox\scripts;C:\Users\cmartin\AppData\Local\Programs\Git\cmd
USERNAME=cmartin
OS=Windows_NT
PROCESSOR_IDENTIFIER=Intel64 Family 6 Model 165 Stepping 3, GenuineIntel



---------------  S Y S T E M  ---------------

OS: Windows 10 , 64 bit Build 22000 (10.0.22000.708)
OS uptime: 0 days 0:58 hours

CPU:total 12 (initial active 12) (6 cores per cpu, 2 threads per core) family 6 model 165 stepping 3 microcode 0xe0, cmov, cx8, fxsr, mmx, sse, sse2, sse3, ssse3, sse4.1, sse4.2, popcnt, avx, avx2, aes, clmul, erms, 3dnowpref, lzcnt, ht, tsc, tscinvbit, bmi1, bmi2, adx, fma

Memory: 4k page, system-wide physical 8017M (206M free)
TotalPageFile size 32593M (AvailPageFile size 7M)
current process WorkingSet (physical memory assigned to process): 10M, peak: 10M
current process commit charge ("private bytes"): 55M, peak: 55M

vm_info: OpenJDK 64-Bit Server VM (11.0.12+7) for windows-amd64 JRE (11.0.12+7), built on Jul 21 2021 15:41:43 by "" with unknown MS VC++:1916

END.
